<?xml version="1.0" encoding="UTF-8"?>
<!-- Generated by org.testng.reporters.JUnitXMLReporter -->
<testsuite ignored="0" hostname="DESKTOP-LLLGMOJ" failures="2" tests="4" name="Test(failed)" time="28.65" errors="0" timestamp="2024-08-28T21:19:33 IST">
  <testcase classname="day10.testngExample2.GoogleApplicationWithBeforeAfterTest" name="testGoogleLandingPage" time="0.042"/>
  <testcase classname="day10.testngExample2.GoogleApplicationWithBeforeAfterTest" name="testSearch" time="1.934"/>
  <testcase classname="day10.testngExample2.GoogleApplicationWithBeforeAfter" name="testVtigerHomePage" time="0.054">
    <failure type="java.lang.AssertionError" message="Vtiger home page not opened or its title got changed expected [Dashboard] but found [SQL - Google Search]">
      <![CDATA[java.lang.AssertionError: Vtiger home page not opened or its title got changed expected [Dashboard] but found [SQL - Google Search]
at day10.testngExample2.GoogleApplicationWithBeforeAfter.testVtigerHomePage(GoogleApplicationWithBeforeAfter.java:29)
at java.base/java.util.ArrayList.forEach(ArrayList.java:1511)
... Removed 32 stack frames]]>
    </failure>
  </testcase> <!-- testVtigerHomePage -->
  <testcase classname="day10.testngExample2.GoogleApplicationWithBeforeAfter" name="testReportsPage" time="1.944">
    <failure type="java.lang.AssertionError" message="Reports page not opened or its title got changed expected [Reports] but found [SQL - Google Search]">
      <![CDATA[java.lang.AssertionError: Reports page not opened or its title got changed expected [Reports] but found [SQL - Google Search]
at day10.testngExample2.GoogleApplicationWithBeforeAfter.testReportsPage(GoogleApplicationWithBeforeAfter.java:36)
at java.base/java.util.ArrayList.forEach(ArrayList.java:1511)
... Removed 32 stack frames]]>
    </failure>
  </testcase> <!-- testReportsPage -->
</testsuite> <!-- Test(failed) -->
