<?xml version="1.0" encoding="UTF-8"?>
<!-- Generated by org.testng.reporters.JUnitXMLReporter -->
<testsuite ignored="0" hostname="DESKTOP-LLLGMOJ" failures="0" tests="4" name="Testing Parameterization" time="13.542" errors="0" timestamp="2024-08-27T21:38:28 IST">
  <testcase classname="day11.advancetestng.Parameterization" name="testCaseOne" time="0.02"/>
  <testcase classname="day11.advancetestng.Parameterization" name="testCaseThree" time="0.002"/>
  <testcase classname="day11.advancetestng.Parameterization" name="testCaseTwo" time="0.002"/>
  <testcase classname="day11.advancetestng.Parameterization" name="testLoginOfVtiger" time="13.31"/>
</testsuite> <!-- Testing Parameterization -->
