<?xml version="1.0" encoding="UTF-8"?>
<!-- Generated by org.testng.reporters.JUnitXMLReporter -->
<testsuite ignored="2" hostname="DESKTOP-LLLGMOJ" failures="0" tests="1" name="Default test" time="18.348" errors="0" timestamp="2024-08-29T22:00:18 IST">
  <testcase classname="day12.switchingExamples.Example3" name="testJavaScriptPromptPopup" time="18.219"/>
  <testcase classname="day12.switchingExamples.Example3" name="testJavaScriptConfirmationPopup" time="0.0">
    <ignored/>
  </testcase> <!-- testJavaScriptConfirmationPopup -->
  <testcase classname="day12.switchingExamples.Example3" name="testJavaScriptAlertPopup" time="0.0">
    <ignored/>
  </testcase> <!-- testJavaScriptAlertPopup -->
</testsuite> <!-- Default test -->
