<?xml version="1.0" encoding="UTF-8"?>
<testng-results ignored="0" total="1" passed="1" failed="0" skipped="0">
  <reporter-output>
  </reporter-output>
  <suite started-at="2024-08-23T21:26:48 IST" name="Default suite" finished-at="2024-08-23T21:27:03 IST" duration-ms="15740">
    <groups>
    </groups>
    <test started-at="2024-08-23T21:26:48 IST" name="Default test" finished-at="2024-08-23T21:27:03 IST" duration-ms="15740">
      <class name="day10.ddt.NewTest">
        <test-method is-config="true" signature="precondition()[pri:0, instance:day10.ddt.NewTest@2a265ea9]" started-at="2024-08-23T21:26:48 IST" name="precondition" finished-at="2024-08-23T21:27:02 IST" duration-ms="14205" status="PASS">
          <reporter-output>
          </reporter-output>
        </test-method> <!-- precondition -->
        <test-method signature="testActitimeLogin()[pri:0, instance:day10.ddt.NewTest@2a265ea9]" started-at="2024-08-23T21:27:02 IST" name="testActitimeLogin" finished-at="2024-08-23T21:27:02 IST" duration-ms="689" status="PASS">
          <reporter-output>
          </reporter-output>
        </test-method> <!-- testActitimeLogin -->
        <test-method is-config="true" signature="postCondition()[pri:0, instance:day10.ddt.NewTest@2a265ea9]" started-at="2024-08-23T21:27:02 IST" name="postCondition" finished-at="2024-08-23T21:27:03 IST" duration-ms="758" status="PASS">
          <reporter-output>
          </reporter-output>
        </test-method> <!-- postCondition -->
      </class> <!-- day10.ddt.NewTest -->
    </test> <!-- Default test -->
  </suite> <!-- Default suite -->
</testng-results>
