<?xml version="1.0" encoding="UTF-8"?>
<!-- Generated by org.testng.reporters.JUnitXMLReporter -->
<testsuite ignored="6" hostname="DESKTOP-LLLGMOJ" failures="0" tests="4" name="testing" time="0.169" errors="0" timestamp="2024-08-27T21:33:48 IST">
  <testcase classname="day11.advancetestng.GroupExamples" name="testCaseFour" time="0.013"/>
  <testcase classname="day11.advancetestng.GroupExamples" name="testCaseOne" time="0.006"/>
  <testcase classname="day11.advancetestng.GroupExamples2" name="testLeads" time="0.001"/>
  <testcase classname="day11.advancetestng.GroupExamples2" name="testLogin" time="0.002"/>
  <testcase classname="day11.advancetestng.GroupExamples" name="testCaseFive" time="0.0">
    <ignored/>
  </testcase> <!-- testCaseFive -->
  <testcase classname="day11.advancetestng.GroupExamples" name="testCaseTwo" time="0.0">
    <ignored/>
  </testcase> <!-- testCaseTwo -->
  <testcase classname="day11.advancetestng.GroupExamples2" name="testSignIn" time="0.0">
    <ignored/>
  </testcase> <!-- testSignIn -->
  <testcase classname="day11.advancetestng.GroupExamples" name="testCaseThree" time="0.0">
    <ignored/>
  </testcase> <!-- testCaseThree -->
  <testcase classname="day11.advancetestng.GroupExamples2" name="testTask" time="0.0">
    <ignored/>
  </testcase> <!-- testTask -->
  <testcase classname="day11.advancetestng.GroupExamples2" name="testPIM" time="0.0">
    <ignored/>
  </testcase> <!-- testPIM -->
</testsuite> <!-- testing -->
